<?xml version="1.0" encoding="UTF-8"?>
<!-- Generated by org.testng.reporters.JUnitReportReporter -->
<testsuite hostname="MSI" failures="0" tests="1" name="AutodeskSelenium.com.crm.autodesk.sampleClass" time="0.008" errors="0" timestamp="2021-06-18T02:43:07 IST" skipped="0">
  <testcase classname="AutodeskSelenium.com.crm.autodesk.sampleClass" name="sampleTest" time="0.008"/>
  <system-out/>
</testsuite> <!-- AutodeskSelenium.com.crm.autodesk.sampleClass -->
